 4.60% datfiles/politics
 4.26% datfiles/miscellaneous
 7.87% datfiles/definitions
 6.91% datfiles/computers
 3.53% datfiles/knghtbrd
 2.79% datfiles/wisdom
 7.45% datfiles/cookie
 1.06% datfiles/ethnic
 0.48% datfiles/medicine
 0.08% datfiles/translate-me
 2.82% datfiles/fortunes
 0.98% datfiles/love
 0.01% datfiles/pratchett
 0.98% datfiles/kids
 1.36% datfiles/drugs
 3.82% datfiles/men-women
 0.84% datfiles/riddles
 1.33% datfiles/education
 4.71% datfiles/songs-poems
 1.49% datfiles/startrek
 0.07% datfiles/ascii-art
 3.04% datfiles/art
 0.68% datfiles/linuxcookie
 4.09% datfiles/science
 0.20% datfiles/magic
 0.35% datfiles/goedel
 4.12% datfiles/work
 8.19% datfiles/people
 1.30% datfiles/food
 0.54% datfiles/tao
 1.71% datfiles/literature
 3.26% datfiles/platitudes
 0.96% datfiles/sports
 3.59% datfiles/zippy
 0.35% datfiles/pets
 1.28% datfiles/humorists
 1.35% datfiles/law
 0.35% datfiles/news
 1.86% datfiles/disclaimer
 0.56% datfiles/debian
 0.47% datfiles/paradoxum
 1.79% datfiles/perl
 2.55% datfiles/linux
